Port monitor named: Port1_h1[25].prt

nx        = 84
ny        = 84
nz        = 34

nu        = 11
nv        = 30
iu        = 18
iv        = 28

idir      = 1
dcut      = -7.500000e-003
icut      = 7
type      = 1
frequency = 2.500000e+010

fcutoff   = 5.513330e+010
alpha     = 1.355843e+003
beta      = 0.000000e+000
accuracy  = 2.070728e-010

type          = UNDEF
wave imp.     = 6.302982e+002
wave imp.sig. = 3.645468e-009
line imp.     = 0.000000e+000

ref. port     = 0

0.000000e+000  0.000000e+000  0.000000e+000  0.000000e+000  0.000000e+000  0.000000e+000  0.000000e+000  0.000000e+000  0.000000e+000  0.000000e+000  0.000000e+000  
0.000000e+000  0.000000e+000  0.000000e+000  0.000000e+000  0.000000e+000  0.000000e+000  0.000000e+000  0.000000e+000  0.000000e+000  0.000000e+000  0.000000e+000  
0.000000e+000  0.000000e+000  0.000000e+000  0.000000e+000  0.000000e+000  0.000000e+000  0.000000e+000  0.000000e+000  0.000000e+000  0.000000e+000  0.000000e+000  
0.000000e+000  0.000000e+000  0.000000e+000  0.000000e+000  0.000000e+000  0.000000e+000  0.000000e+000  0.000000e+000  0.000000e+000  0.000000e+000  0.000000e+000  
0.000000e+000  0.000000e+000  0.000000e+000  0.000000e+000  0.000000e+000  0.000000e+000  0.000000e+000  0.000000e+000  0.000000e+000  0.000000e+000  0.000000e+000  
0.000000e+000  0.000000e+000  0.000000e+000  0.000000e+000  0.000000e+000  0.000000e+000  0.000000e+000  0.000000e+000  0.000000e+000  0.000000e+000  0.000000e+000  
0.000000e+000  0.000000e+000  0.000000e+000  0.000000e+000  0.000000e+000  0.000000e+000  0.000000e+000  0.000000e+000  0.000000e+000  0.000000e+000  0.000000e+000  
0.000000e+000  0.000000e+000  0.000000e+000  0.000000e+000  0.000000e+000  0.000000e+000  0.000000e+000  0.000000e+000  0.000000e+000  0.000000e+000  0.000000e+000  
0.000000e+000  0.000000e+000  0.000000e+000  0.000000e+000  0.000000e+000  0.000000e+000  0.000000e+000  0.000000e+000  0.000000e+000  0.000000e+000  0.000000e+000  
0.000000e+000  0.000000e+000  0.000000e+000  0.000000e+000  0.000000e+000  0.000000e+000  0.000000e+000  0.000000e+000  0.000000e+000  0.000000e+000  0.000000e+000  
0.000000e+000  0.000000e+000  0.000000e+000  0.000000e+000  0.000000e+000  0.000000e+000  0.000000e+000  0.000000e+000  0.000000e+000  0.000000e+000  0.000000e+000  
0.000000e+000  0.000000e+000  0.000000e+000  0.000000e+000  0.000000e+000  0.000000e+000  0.000000e+000  0.000000e+000  0.000000e+000  0.000000e+000  0.000000e+000  
0.000000e+000  0.000000e+000  0.000000e+000  0.000000e+000  0.000000e+000  0.000000e+000  0.000000e+000  0.000000e+000  0.000000e+000  0.000000e+000  0.000000e+000  
0.000000e+000  0.000000e+000  0.000000e+000  0.000000e+000  0.000000e+000  0.000000e+000  0.000000e+000  0.000000e+000  0.000000e+000  0.000000e+000  0.000000e+000  
0.000000e+000  0.000000e+000  0.000000e+000  0.000000e+000  0.000000e+000  0.000000e+000  0.000000e+000  0.000000e+000  0.000000e+000  0.000000e+000  0.000000e+000  
0.000000e+000  0.000000e+000  0.000000e+000  0.000000e+000  0.000000e+000  0.000000e+000  0.000000e+000  0.000000e+000  0.000000e+000  0.000000e+000  0.000000e+000  
0.000000e+000  0.000000e+000  0.000000e+000  0.000000e+000  0.000000e+000  0.000000e+000  0.000000e+000  0.000000e+000  0.000000e+000  0.000000e+000  0.000000e+000  
0.000000e+000  0.000000e+000  0.000000e+000  0.000000e+000  0.000000e+000  0.000000e+000  0.000000e+000  0.000000e+000  0.000000e+000  0.000000e+000  0.000000e+000  
0.000000e+000  0.000000e+000  0.000000e+000  0.000000e+000  0.000000e+000  0.000000e+000  0.000000e+000  0.000000e+000  0.000000e+000  0.000000e+000  0.000000e+000  
0.000000e+000  0.000000e+000  0.000000e+000  0.000000e+000  0.000000e+000  0.000000e+000  0.000000e+000  0.000000e+000  0.000000e+000  0.000000e+000  0.000000e+000  
0.000000e+000  0.000000e+000  0.000000e+000  0.000000e+000  0.000000e+000  0.000000e+000  0.000000e+000  0.000000e+000  0.000000e+000  0.000000e+000  0.000000e+000  
0.000000e+000  0.000000e+000  0.000000e+000  0.000000e+000  0.000000e+000  0.000000e+000  0.000000e+000  0.000000e+000  0.000000e+000  0.000000e+000  0.000000e+000  
0.000000e+000  0.000000e+000  0.000000e+000  0.000000e+000  0.000000e+000  0.000000e+000  0.000000e+000  0.000000e+000  0.000000e+000  0.000000e+000  0.000000e+000  
0.000000e+000  0.000000e+000  0.000000e+000  0.000000e+000  0.000000e+000  0.000000e+000  0.000000e+000  0.000000e+000  0.000000e+000  0.000000e+000  0.000000e+000  
0.000000e+000  0.000000e+000  0.000000e+000  0.000000e+000  0.000000e+000  0.000000e+000  0.000000e+000  0.000000e+000  0.000000e+000  0.000000e+000  0.000000e+000  
0.000000e+000  0.000000e+000  0.000000e+000  0.000000e+000  0.000000e+000  0.000000e+000  0.000000e+000  0.000000e+000  0.000000e+000  0.000000e+000  0.000000e+000  
0.000000e+000  0.000000e+000  0.000000e+000  0.000000e+000  0.000000e+000  0.000000e+000  0.000000e+000  0.000000e+000  0.000000e+000  0.000000e+000  0.000000e+000  
0.000000e+000  0.000000e+000  0.000000e+000  0.000000e+000  0.000000e+000  0.000000e+000  0.000000e+000  0.000000e+000  0.000000e+000  0.000000e+000  0.000000e+000  
0.000000e+000  0.000000e+000  0.000000e+000  0.000000e+000  0.000000e+000  0.000000e+000  0.000000e+000  0.000000e+000  0.000000e+000  0.000000e+000  0.000000e+000  
0.000000e+000  0.000000e+000  0.000000e+000  0.000000e+000  0.000000e+000  0.000000e+000  0.000000e+000  0.000000e+000  0.000000e+000  0.000000e+000  0.000000e+000  

0.000000e+000  0.000000e+000  0.000000e+000  0.000000e+000  0.000000e+000  0.000000e+000  0.000000e+000  0.000000e+000  0.000000e+000  0.000000e+000  0.000000e+000  
0.000000e+000  0.000000e+000  0.000000e+000  0.000000e+000  0.000000e+000  0.000000e+000  0.000000e+000  0.000000e+000  0.000000e+000  0.000000e+000  0.000000e+000  
0.000000e+000  0.000000e+000  0.000000e+000  0.000000e+000  0.000000e+000  0.000000e+000  0.000000e+000  0.000000e+000  0.000000e+000  0.000000e+000  0.000000e+000  
0.000000e+000  0.000000e+000  0.000000e+000  0.000000e+000  0.000000e+000  0.000000e+000  0.000000e+000  0.000000e+000  0.000000e+000  0.000000e+000  0.000000e+000  
0.000000e+000  0.000000e+000  0.000000e+000  0.000000e+000  0.000000e+000  0.000000e+000  0.000000e+000  0.000000e+000  0.000000e+000  0.000000e+000  0.000000e+000  
0.000000e+000  0.000000e+000  0.000000e+000  0.000000e+000  0.000000e+000  0.000000e+000  0.000000e+000  0.000000e+000  0.000000e+000  0.000000e+000  0.000000e+000  
0.000000e+000  0.000000e+000  0.000000e+000  0.000000e+000  0.000000e+000  0.000000e+000  0.000000e+000  0.000000e+000  0.000000e+000  0.000000e+000  0.000000e+000  
0.000000e+000  0.000000e+000  0.000000e+000  0.000000e+000  0.000000e+000  0.000000e+000  0.000000e+000  0.000000e+000  0.000000e+000  0.000000e+000  0.000000e+000  
0.000000e+000  0.000000e+000  0.000000e+000  0.000000e+000  0.000000e+000  0.000000e+000  0.000000e+000  0.000000e+000  0.000000e+000  0.000000e+000  0.000000e+000  
0.000000e+000  0.000000e+000  0.000000e+000  0.000000e+000  0.000000e+000  0.000000e+000  0.000000e+000  0.000000e+000  0.000000e+000  0.000000e+000  0.000000e+000  
0.000000e+000  0.000000e+000  0.000000e+000  0.000000e+000  0.000000e+000  0.000000e+000  0.000000e+000  0.000000e+000  0.000000e+000  0.000000e+000  0.000000e+000  
0.000000e+000  0.000000e+000  0.000000e+000  0.000000e+000  0.000000e+000  0.000000e+000  0.000000e+000  0.000000e+000  0.000000e+000  0.000000e+000  0.000000e+000  
0.000000e+000  0.000000e+000  0.000000e+000  0.000000e+000  0.000000e+000  0.000000e+000  0.000000e+000  0.000000e+000  0.000000e+000  0.000000e+000  0.000000e+000  
0.000000e+000  0.000000e+000  0.000000e+000  0.000000e+000  0.000000e+000  0.000000e+000  0.000000e+000  0.000000e+000  0.000000e+000  0.000000e+000  0.000000e+000  
0.000000e+000  0.000000e+000  0.000000e+000  0.000000e+000  0.000000e+000  0.000000e+000  0.000000e+000  0.000000e+000  0.000000e+000  0.000000e+000  0.000000e+000  
0.000000e+000  0.000000e+000  0.000000e+000  0.000000e+000  0.000000e+000  0.000000e+000  0.000000e+000  0.000000e+000  0.000000e+000  0.000000e+000  0.000000e+000  
0.000000e+000  0.000000e+000  0.000000e+000  0.000000e+000  0.000000e+000  0.000000e+000  0.000000e+000  0.000000e+000  0.000000e+000  0.000000e+000  0.000000e+000  
0.000000e+000  0.000000e+000  0.000000e+000  0.000000e+000  0.000000e+000  0.000000e+000  0.000000e+000  0.000000e+000  0.000000e+000  0.000000e+000  0.000000e+000  
0.000000e+000  0.000000e+000  0.000000e+000  0.000000e+000  0.000000e+000  0.000000e+000  0.000000e+000  0.000000e+000  0.000000e+000  0.000000e+000  0.000000e+000  
0.000000e+000  0.000000e+000  0.000000e+000  0.000000e+000  0.000000e+000  0.000000e+000  0.000000e+000  0.000000e+000  0.000000e+000  0.000000e+000  0.000000e+000  
0.000000e+000  0.000000e+000  0.000000e+000  0.000000e+000  0.000000e+000  0.000000e+000  0.000000e+000  0.000000e+000  0.000000e+000  0.000000e+000  0.000000e+000  
0.000000e+000  0.000000e+000  0.000000e+000  0.000000e+000  0.000000e+000  0.000000e+000  0.000000e+000  0.000000e+000  0.000000e+000  0.000000e+000  0.000000e+000  
0.000000e+000  0.000000e+000  0.000000e+000  0.000000e+000  0.000000e+000  0.000000e+000  0.000000e+000  0.000000e+000  0.000000e+000  0.000000e+000  0.000000e+000  
0.000000e+000  0.000000e+000  0.000000e+000  0.000000e+000  0.000000e+000  0.000000e+000  0.000000e+000  0.000000e+000  0.000000e+000  0.000000e+000  0.000000e+000  
0.000000e+000  0.000000e+000  0.000000e+000  0.000000e+000  0.000000e+000  0.000000e+000  0.000000e+000  0.000000e+000  0.000000e+000  0.000000e+000  0.000000e+000  
0.000000e+000  0.000000e+000  0.000000e+000  0.000000e+000  0.000000e+000  0.000000e+000  0.000000e+000  0.000000e+000  0.000000e+000  0.000000e+000  0.000000e+000  
0.000000e+000  0.000000e+000  0.000000e+000  0.000000e+000  0.000000e+000  0.000000e+000  0.000000e+000  0.000000e+000  0.000000e+000  0.000000e+000  0.000000e+000  
0.000000e+000  0.000000e+000  0.000000e+000  0.000000e+000  0.000000e+000  0.000000e+000  0.000000e+000  0.000000e+000  0.000000e+000  0.000000e+000  0.000000e+000  
0.000000e+000  0.000000e+000  0.000000e+000  0.000000e+000  0.000000e+000  0.000000e+000  0.000000e+000  0.000000e+000  0.000000e+000  0.000000e+000  0.000000e+000  
0.000000e+000  0.000000e+000  0.000000e+000  0.000000e+000  0.000000e+000  0.000000e+000  0.000000e+000  0.000000e+000  0.000000e+000  0.000000e+000  0.000000e+000  

0.000000e+000  0.000000e+000  0.000000e+000  0.000000e+000  0.000000e+000  0.000000e+000  0.000000e+000  0.000000e+000  0.000000e+000  0.000000e+000  0.000000e+000  
0.000000e+000  0.000000e+000  0.000000e+000  0.000000e+000  0.000000e+000  0.000000e+000  0.000000e+000  0.000000e+000  0.000000e+000  0.000000e+000  0.000000e+000  
0.000000e+000  0.000000e+000  0.000000e+000  0.000000e+000  0.000000e+000  0.000000e+000  0.000000e+000  0.000000e+000  0.000000e+000  0.000000e+000  0.000000e+000  
0.000000e+000  0.000000e+000  0.000000e+000  0.000000e+000  0.000000e+000  0.000000e+000  0.000000e+000  0.000000e+000  0.000000e+000  0.000000e+000  0.000000e+000  
0.000000e+000  0.000000e+000  0.000000e+000  0.000000e+000  0.000000e+000  0.000000e+000  0.000000e+000  0.000000e+000  0.000000e+000  0.000000e+000  0.000000e+000  
0.000000e+000  0.000000e+000  0.000000e+000  0.000000e+000  0.000000e+000  0.000000e+000  0.000000e+000  0.000000e+000  0.000000e+000  0.000000e+000  0.000000e+000  
0.000000e+000  0.000000e+000  0.000000e+000  0.000000e+000  0.000000e+000  0.000000e+000  0.000000e+000  0.000000e+000  0.000000e+000  0.000000e+000  0.000000e+000  
0.000000e+000  0.000000e+000  0.000000e+000  0.000000e+000  0.000000e+000  0.000000e+000  0.000000e+000  0.000000e+000  0.000000e+000  0.000000e+000  0.000000e+000  
0.000000e+000  0.000000e+000  0.000000e+000  0.000000e+000  0.000000e+000  0.000000e+000  0.000000e+000  0.000000e+000  0.000000e+000  0.000000e+000  0.000000e+000  
0.000000e+000  0.000000e+000  0.000000e+000  0.000000e+000  0.000000e+000  0.000000e+000  0.000000e+000  0.000000e+000  0.000000e+000  0.000000e+000  0.000000e+000  
0.000000e+000  0.000000e+000  0.000000e+000  0.000000e+000  0.000000e+000  0.000000e+000  0.000000e+000  0.000000e+000  0.000000e+000  0.000000e+000  0.000000e+000  
0.000000e+000  0.000000e+000  0.000000e+000  0.000000e+000  0.000000e+000  0.000000e+000  0.000000e+000  0.000000e+000  0.000000e+000  0.000000e+000  0.000000e+000  
0.000000e+000  0.000000e+000  0.000000e+000  0.000000e+000  0.000000e+000  0.000000e+000  0.000000e+000  0.000000e+000  0.000000e+000  0.000000e+000  0.000000e+000  
0.000000e+000  0.000000e+000  0.000000e+000  0.000000e+000  0.000000e+000  0.000000e+000  0.000000e+000  0.000000e+000  0.000000e+000  0.000000e+000  0.000000e+000  
0.000000e+000  0.000000e+000  0.000000e+000  0.000000e+000  0.000000e+000  0.000000e+000  0.000000e+000  0.000000e+000  0.000000e+000  0.000000e+000  0.000000e+000  
0.000000e+000  0.000000e+000  0.000000e+000  0.000000e+000  0.000000e+000  0.000000e+000  0.000000e+000  0.000000e+000  0.000000e+000  0.000000e+000  0.000000e+000  
0.000000e+000  0.000000e+000  0.000000e+000  0.000000e+000  0.000000e+000  0.000000e+000  0.000000e+000  0.000000e+000  0.000000e+000  0.000000e+000  0.000000e+000  
0.000000e+000  0.000000e+000  0.000000e+000  0.000000e+000  0.000000e+000  0.000000e+000  0.000000e+000  0.000000e+000  0.000000e+000  0.000000e+000  0.000000e+000  
0.000000e+000  0.000000e+000  0.000000e+000  0.000000e+000  0.000000e+000  0.000000e+000  0.000000e+000  0.000000e+000  0.000000e+000  0.000000e+000  0.000000e+000  
0.000000e+000  0.000000e+000  0.000000e+000  0.000000e+000  0.000000e+000  0.000000e+000  0.000000e+000  0.000000e+000  0.000000e+000  0.000000e+000  0.000000e+000  
0.000000e+000  0.000000e+000  0.000000e+000  0.000000e+000  0.000000e+000  0.000000e+000  0.000000e+000  0.000000e+000  0.000000e+000  0.000000e+000  0.000000e+000  
0.000000e+000  0.000000e+000  0.000000e+000  0.000000e+000  0.000000e+000  0.000000e+000  0.000000e+000  0.000000e+000  0.000000e+000  0.000000e+000  0.000000e+000  
0.000000e+000  0.000000e+000  0.000000e+000  0.000000e+000  0.000000e+000  0.000000e+000  0.000000e+000  0.000000e+000  0.000000e+000  0.000000e+000  0.000000e+000  
0.000000e+000  0.000000e+000  0.000000e+000  0.000000e+000  0.000000e+000  0.000000e+000  0.000000e+000  0.000000e+000  0.000000e+000  0.000000e+000  0.000000e+000  
0.000000e+000  0.000000e+000  0.000000e+000  0.000000e+000  0.000000e+000  0.000000e+000  0.000000e+000  0.000000e+000  0.000000e+000  0.000000e+000  0.000000e+000  
0.000000e+000  0.000000e+000  0.000000e+000  0.000000e+000  0.000000e+000  0.000000e+000  0.000000e+000  0.000000e+000  0.000000e+000  0.000000e+000  0.000000e+000  
0.000000e+000  0.000000e+000  0.000000e+000  0.000000e+000  0.000000e+000  0.000000e+000  0.000000e+000  0.000000e+000  0.000000e+000  0.000000e+000  0.000000e+000  
0.000000e+000  0.000000e+000  0.000000e+000  0.000000e+000  0.000000e+000  0.000000e+000  0.000000e+000  0.000000e+000  0.000000e+000  0.000000e+000  0.000000e+000  
0.000000e+000  0.000000e+000  0.000000e+000  0.000000e+000  0.000000e+000  0.000000e+000  0.000000e+000  0.000000e+000  0.000000e+000  0.000000e+000  0.000000e+000  
0.000000e+000  0.000000e+000  0.000000e+000  0.000000e+000  0.000000e+000  0.000000e+000  0.000000e+000  0.000000e+000  0.000000e+000  0.000000e+000  0.000000e+000  

4.526706e+000  5.019282e+000  5.993332e+000  6.348880e+000  6.623169e+000  6.738762e+000  6.705875e+000  6.477865e+000  6.104912e+000  5.686804e+000  4.205356e+000  
1.191465e+001  1.343138e+001  1.693253e+001  1.855229e+001  2.000345e+001  2.078115e+001  2.066493e+001  1.945729e+001  1.761763e+001  1.572643e+001  1.109282e+001  
1.425686e+001  1.621812e+001  2.190734e+001  2.597385e+001  3.083522e+001  3.481647e+001  3.457029e+001  2.969997e+001  2.418983e+001  1.963469e+001  1.328361e+001  
1.489415e+001  1.687763e+001  2.311440e+001  2.866011e+001  3.695789e+001  4.717124e+001  4.653935e+001  3.527742e+001  2.644599e+001  2.045799e+001  1.385831e+001  
1.492211e+001  1.664891e+001  2.216925e+001  2.807861e+001  4.054149e+001  7.289589e+001  6.959507e+001  3.814896e+001  2.573602e+001  1.963934e+001  1.383153e+001  
1.438435e+001  1.559489e+001  1.869129e+001  2.027056e+001  2.047614e+001  0.000000e+000  0.000000e+000  1.911431e+001  1.881962e+001  1.709380e+001  1.324821e+001  
1.337099e+001  1.398293e+001  1.465166e+001  1.352576e+001  9.866824e+000  0.000000e+000  0.000000e+000  9.533645e+000  1.294048e+001  1.398570e+001  1.222426e+001  
1.202131e+001  1.211998e+001  1.119251e+001  9.254906e+000  5.695941e+000  0.000000e+000  0.000000e+000  5.649235e+000  9.127762e+000  1.108998e+001  1.091501e+001  
1.045837e+001  1.020144e+001  8.486345e+000  6.557981e+000  3.704326e+000  0.000000e+000  0.000000e+000  3.751305e+000  6.630390e+000  8.632288e+000  9.442124e+000  
9.100782e+000  8.688724e+000  6.795132e+000  5.088560e+000  2.777684e+000  0.000000e+000  0.000000e+000  2.846371e+000  5.212670e+000  6.994489e+000  8.188737e+000  
8.041662e+000  7.565631e+000  5.683840e+000  4.181146e+000  2.242586e+000  0.000000e+000  0.000000e+000  2.314833e+000  4.315558e+000  5.885337e+000  7.219996e+000  
6.633323e+000  6.134401e+000  4.407850e+000  3.186549e+000  1.682699e+000  0.000000e+000  0.000000e+000  1.749483e+000  3.311617e+000  4.583682e+000  5.941244e+000  
4.880801e+000  4.448275e+000  3.085946e+000  2.204070e+000  1.152488e+000  0.000000e+000  0.000000e+000  1.203395e+000  2.298423e+000  3.211446e+000  4.363289e+000  
3.134963e+000  2.832263e+000  1.925783e+000  1.366585e+000  7.110383e-001  0.000000e+000  0.000000e+000  7.437270e-001  1.426497e+000  2.002573e+000  2.799556e+000  
2.729835e-008  2.065858e-008  4.634653e-008  4.076819e-008  1.216381e-008  0.000000e+000  0.000000e+000  -1.210349e-009  2.657015e-008  -6.469114e-009  -7.836579e-009  
-3.134964e+000  -2.832263e+000  -1.925783e+000  -1.366585e+000  -7.110384e-001  0.000000e+000  0.000000e+000  -7.437269e-001  -1.426497e+000  -2.002573e+000  -2.799556e+000  
-4.880801e+000  -4.448275e+000  -3.085946e+000  -2.204070e+000  -1.152488e+000  0.000000e+000  0.000000e+000  -1.203395e+000  -2.298423e+000  -3.211446e+000  -4.363289e+000  
-6.633323e+000  -6.134400e+000  -4.407850e+000  -3.186549e+000  -1.682699e+000  0.000000e+000  0.000000e+000  -1.749483e+000  -3.311617e+000  -4.583682e+000  -5.941244e+000  
-8.041662e+000  -7.565631e+000  -5.683839e+000  -4.181146e+000  -2.242586e+000  0.000000e+000  0.000000e+000  -2.314834e+000  -4.315558e+000  -5.885338e+000  -7.219996e+000  
-9.100782e+000  -8.688723e+000  -6.795133e+000  -5.088559e+000  -2.777684e+000  0.000000e+000  0.000000e+000  -2.846370e+000  -5.212670e+000  -6.994488e+000  -8.188738e+000  
-1.045837e+001  -1.020144e+001  -8.486345e+000  -6.557981e+000  -3.704326e+000  0.000000e+000  0.000000e+000  -3.751306e+000  -6.630390e+000  -8.632289e+000  -9.442124e+000  
-1.202131e+001  -1.211998e+001  -1.119251e+001  -9.254906e+000  -5.695941e+000  0.000000e+000  0.000000e+000  -5.649235e+000  -9.127762e+000  -1.108998e+001  -1.091501e+001  
-1.337099e+001  -1.398293e+001  -1.465166e+001  -1.352575e+001  -9.866823e+000  0.000000e+000  0.000000e+000  -9.533645e+000  -1.294048e+001  -1.398570e+001  -1.222426e+001  
-1.438434e+001  -1.559489e+001  -1.869129e+001  -2.027056e+001  -2.047614e+001  0.000000e+000  0.000000e+000  -1.911431e+001  -1.881962e+001  -1.709380e+001  -1.324821e+001  
-1.492211e+001  -1.664891e+001  -2.216925e+001  -2.807861e+001  -4.054149e+001  -7.289589e+001  -6.959507e+001  -3.814896e+001  -2.573602e+001  -1.963934e+001  -1.383153e+001  
-1.489415e+001  -1.687763e+001  -2.311440e+001  -2.866011e+001  -3.695789e+001  -4.717124e+001  -4.653935e+001  -3.527742e+001  -2.644599e+001  -2.045799e+001  -1.385831e+001  
-1.425686e+001  -1.621812e+001  -2.190734e+001  -2.597385e+001  -3.083523e+001  -3.481647e+001  -3.457029e+001  -2.969997e+001  -2.418983e+001  -1.963469e+001  -1.328361e+001  
-1.191465e+001  -1.343138e+001  -1.693253e+001  -1.855229e+001  -2.000345e+001  -2.078115e+001  -2.066493e+001  -1.945729e+001  -1.761763e+001  -1.572643e+001  -1.109282e+001  
-4.526706e+000  -5.019282e+000  -5.993332e+000  -6.348880e+000  -6.623169e+000  -6.738762e+000  -6.705875e+000  -6.477865e+000  -6.104912e+000  -5.686804e+000  -4.205356e+000  
0.000000e+000  0.000000e+000  0.000000e+000  0.000000e+000  0.000000e+000  0.000000e+000  0.000000e+000  0.000000e+000  0.000000e+000  0.000000e+000  0.000000e+000  

-4.128650e+000  -1.017429e+001  -1.229540e+001  -1.314858e+001  -1.373604e+001  -1.324289e+001  -1.134476e+001  -9.103493e+000  -7.106562e+000  -1.626462e+000  0.000000e+000  
-4.479787e+000  -1.100256e+001  -1.292310e+001  -1.344833e+001  -1.347215e+001  -1.245942e+001  -1.014082e+001  -7.573729e+000  -5.529263e+000  -6.984363e-001  0.000000e+000  
-5.540747e+000  -1.406929e+001  -1.638030e+001  -1.619565e+001  -1.406273e+001  -1.027876e+001  -5.449268e+000  -1.430357e+000  5.333831e-001  1.969163e+000  0.000000e+000  
-6.038759e+000  -1.595971e+001  -1.999230e+001  -2.049434e+001  -1.733160e+001  -9.095234e+000  -1.161347e-001  4.384959e+000  5.327857e+000  3.251334e+000  0.000000e+000  
-6.538639e+000  -1.804880e+001  -2.507589e+001  -2.823211e+001  -2.683846e+001  -7.209649e+000  1.138831e+001  1.340762e+001  1.151155e+001  4.584011e+000  0.000000e+000  
-6.958948e+000  -1.986103e+001  -3.053639e+001  -4.019617e+001  -6.115904e+001  0.000000e+000  4.613750e+001  2.584408e+001  1.778597e+001  5.775663e+000  0.000000e+000  
-7.228690e+000  -2.076315e+001  -3.167999e+001  -3.982807e+001  -5.102981e+001  0.000000e+000  3.684422e+001  2.661001e+001  1.986636e+001  6.627426e+000  0.000000e+000  
-7.318110e+000  -2.073252e+001  -3.009934e+001  -3.557259e+001  -4.032878e+001  0.000000e+000  2.798262e+001  2.368375e+001  1.918759e+001  7.090611e+000  0.000000e+000  
-7.256633e+000  -2.010499e+001  -2.774739e+001  -3.150574e+001  -3.403230e+001  0.000000e+000  2.282078e+001  2.061488e+001  1.755810e+001  7.251745e+000  0.000000e+000  
-7.095450e+000  -1.920362e+001  -2.546639e+001  -2.824007e+001  -2.987232e+001  0.000000e+000  1.943941e+001  1.806801e+001  1.583799e+001  7.217551e+000  0.000000e+000  
-6.972697e+000  -1.862465e+001  -2.423149e+001  -2.660710e+001  -2.793519e+001  0.000000e+000  1.787233e+001  1.678148e+001  1.488833e+001  7.144635e+000  0.000000e+000  
-6.842588e+000  -1.806311e+001  -2.314627e+001  -2.523329e+001  -2.636202e+001  0.000000e+000  1.660389e+001  1.569538e+001  1.404934e+001  7.049041e+000  0.000000e+000  
-6.634685e+000  -1.724228e+001  -2.171343e+001  -2.349402e+001  -2.443038e+001  0.000000e+000  1.505305e+001  1.431976e+001  1.294237e+001  6.874289e+000  0.000000e+000  
-6.461146e+000  -1.660275e+001  -2.067866e+001  -2.227385e+001  -2.310071e+001  0.000000e+000  1.399049e+001  1.335772e+001  1.214792e+001  6.717971e+000  0.000000e+000  
-6.341858e+000  -1.617983e+001  -2.002231e+001  -2.151170e+001  -2.227797e+001  0.000000e+000  1.333530e+001  1.275877e+001  1.164688e+001  6.607205e+000  0.000000e+000  
-6.341858e+000  -1.617983e+001  -2.002231e+001  -2.151170e+001  -2.227797e+001  0.000000e+000  1.333530e+001  1.275877e+001  1.164688e+001  6.607205e+000  0.000000e+000  
-6.461146e+000  -1.660275e+001  -2.067866e+001  -2.227385e+001  -2.310071e+001  0.000000e+000  1.399049e+001  1.335772e+001  1.214792e+001  6.717971e+000  0.000000e+000  
-6.634685e+000  -1.724228e+001  -2.171343e+001  -2.349402e+001  -2.443038e+001  0.000000e+000  1.505305e+001  1.431976e+001  1.294237e+001  6.874289e+000  0.000000e+000  
-6.842589e+000  -1.806311e+001  -2.314627e+001  -2.523329e+001  -2.636202e+001  0.000000e+000  1.660389e+001  1.569538e+001  1.404934e+001  7.049041e+000  0.000000e+000  
-6.972697e+000  -1.862465e+001  -2.423149e+001  -2.660710e+001  -2.793519e+001  0.000000e+000  1.787233e+001  1.678148e+001  1.488833e+001  7.144635e+000  0.000000e+000  
-7.095450e+000  -1.920362e+001  -2.546639e+001  -2.824007e+001  -2.987232e+001  0.000000e+000  1.943941e+001  1.806801e+001  1.583799e+001  7.217551e+000  0.000000e+000  
-7.256633e+000  -2.010499e+001  -2.774739e+001  -3.150574e+001  -3.403230e+001  0.000000e+000  2.282078e+001  2.061488e+001  1.755810e+001  7.251745e+000  0.000000e+000  
-7.318110e+000  -2.073252e+001  -3.009934e+001  -3.557259e+001  -4.032878e+001  0.000000e+000  2.798262e+001  2.368375e+001  1.918759e+001  7.090611e+000  0.000000e+000  
-7.228690e+000  -2.076315e+001  -3.167999e+001  -3.982807e+001  -5.102981e+001  0.000000e+000  3.684422e+001  2.661001e+001  1.986636e+001  6.627426e+000  0.000000e+000  
-6.958948e+000  -1.986103e+001  -3.053639e+001  -4.019617e+001  -6.115904e+001  0.000000e+000  4.613750e+001  2.584408e+001  1.778597e+001  5.775663e+000  0.000000e+000  
-6.538639e+000  -1.804880e+001  -2.507589e+001  -2.823211e+001  -2.683846e+001  -7.209649e+000  1.138831e+001  1.340762e+001  1.151155e+001  4.584011e+000  0.000000e+000  
-6.038759e+000  -1.595971e+001  -1.999230e+001  -2.049434e+001  -1.733160e+001  -9.095235e+000  -1.161345e-001  4.384959e+000  5.327858e+000  3.251334e+000  0.000000e+000  
-5.540747e+000  -1.406929e+001  -1.638030e+001  -1.619565e+001  -1.406273e+001  -1.027876e+001  -5.449268e+000  -1.430357e+000  5.333831e-001  1.969163e+000  0.000000e+000  
-4.479787e+000  -1.100256e+001  -1.292310e+001  -1.344833e+001  -1.347215e+001  -1.245942e+001  -1.014082e+001  -7.573729e+000  -5.529263e+000  -6.984363e-001  0.000000e+000  
-4.128650e+000  -1.017429e+001  -1.229540e+001  -1.314858e+001  -1.373604e+001  -1.324289e+001  -1.134476e+001  -9.103493e+000  -7.106562e+000  -1.626462e+000  0.000000e+000  

-3.120457e-001  -9.290379e-001  -1.374219e+000  -1.634148e+000  -1.902787e+000  -1.952576e+000  -1.727079e+000  -1.457456e+000  -1.205548e+000  -4.599391e-001  -0.000000e+000  
-8.241579e-001  -2.483409e+000  -3.750407e+000  -4.514866e+000  -5.329061e+000  -5.480991e+000  -4.787513e+000  -3.981765e+000  -3.259080e+000  -1.209336e+000  -0.000000e+000  
-9.901707e-001  -3.008244e+000  -4.674520e+000  -5.766910e+000  -7.047600e+000  -7.306045e+000  -6.162335e+000  -4.953241e+000  -3.975025e+000  -1.442133e+000  -0.000000e+000  
-1.036256e+000  -3.143155e+000  -4.917227e+000  -6.142967e+000  -7.720083e+000  -8.104449e+000  -6.600606e+000  -5.185840e+000  -4.126491e+000  -1.501511e+000  -0.000000e+000  
-1.039690e+000  -3.122996e+000  -4.837264e+000  -6.063176e+000  -7.890413e+000  -8.659225e+000  -6.523424e+000  -5.022384e+000  -4.002569e+000  -1.495816e+000  -0.000000e+000  
-1.003255e+000  -2.956533e+000  -4.397693e+000  -5.265345e+000  -6.120535e+000  -0.000000e+000  -5.078927e+000  -4.343510e+000  -3.603753e+000  -1.430454e+000  -0.000000e+000  
-9.332232e-001  -2.685125e+000  -3.812127e+000  -4.388739e+000  -4.804746e+000  -0.000000e+000  -3.972651e+000  -3.602108e+000  -3.093086e+000  -1.318262e+000  -0.000000e+000  
-8.394051e-001  -2.357993e+000  -3.217751e+000  -3.612067e+000  -3.853616e+000  -0.000000e+000  -3.163509e+000  -2.942215e+000  -2.582380e+000  -1.175992e+000  -0.000000e+000  
-7.304897e-001  -2.008675e+000  -2.660086e+000  -2.939523e+000  -3.097070e+000  -0.000000e+000  -2.520788e+000  -2.373097e+000  -2.111215e+000  -1.016617e+000  -0.000000e+000  
-6.357642e-001  -1.724390e+000  -2.245824e+000  -2.462667e+000  -2.580925e+000  -0.000000e+000  -2.086763e+000  -1.974442e+000  -1.768345e+000  -8.813310e-001  -0.000000e+000  
-5.618288e-001  -1.509724e+000  -1.945810e+000  -2.123990e+000  -2.219510e+000  -0.000000e+000  -1.785525e+000  -1.694064e+000  -1.523329e+000  -7.768791e-001  -0.000000e+000  
-4.634812e-001  -1.232041e+000  -1.570176e+000  -1.705973e+000  -1.777667e+000  -0.000000e+000  -1.420893e+000  -1.351688e+000  -1.220588e+000  -6.391123e-001  -0.000000e+000  
-3.410551e-001  -8.983547e-001  -1.135060e+000  -1.228986e+000  -1.278095e+000  -0.000000e+000  -1.015423e+000  -9.677829e-001  -8.767497e-001  -4.692668e-001  -0.000000e+000  
-2.190705e-001  -5.739049e-001  -7.216124e-001  -7.798480e-001  -8.101475e-001  -0.000000e+000  -6.411513e-001  -6.116971e-001  -5.551831e-001  -3.010514e-001  -0.000000e+000  
8.076576e-010  3.528805e-009  -1.906837e-009  -1.381847e-009  -1.766308e-009  -0.000000e+000  1.285514e-009  5.009312e-010  -1.861575e-008  8.560508e-010  -0.000000e+000  
2.190705e-001  5.739049e-001  7.216124e-001  7.798480e-001  8.101475e-001  -0.000000e+000  6.411512e-001  6.116971e-001  5.551831e-001  3.010513e-001  -0.000000e+000  
3.410551e-001  8.983547e-001  1.135060e+000  1.228986e+000  1.278095e+000  -0.000000e+000  1.015423e+000  9.677829e-001  8.767497e-001  4.692668e-001  -0.000000e+000  
4.634812e-001  1.232041e+000  1.570176e+000  1.705973e+000  1.777667e+000  -0.000000e+000  1.420893e+000  1.351688e+000  1.220588e+000  6.391123e-001  -0.000000e+000  
5.618288e-001  1.509724e+000  1.945810e+000  2.123990e+000  2.219510e+000  -0.000000e+000  1.785525e+000  1.694064e+000  1.523329e+000  7.768791e-001  -0.000000e+000  
6.357642e-001  1.724390e+000  2.245825e+000  2.462667e+000  2.580925e+000  -0.000000e+000  2.086763e+000  1.974442e+000  1.768345e+000  8.813310e-001  -0.000000e+000  
7.304897e-001  2.008675e+000  2.660086e+000  2.939523e+000  3.097070e+000  -0.000000e+000  2.520788e+000  2.373097e+000  2.111215e+000  1.016617e+000  -0.000000e+000  
8.394051e-001  2.357993e+000  3.217751e+000  3.612067e+000  3.853616e+000  -0.000000e+000  3.163509e+000  2.942215e+000  2.582380e+000  1.175992e+000  -0.000000e+000  
9.332232e-001  2.685125e+000  3.812127e+000  4.388739e+000  4.804746e+000  -0.000000e+000  3.972651e+000  3.602108e+000  3.093086e+000  1.318262e+000  -0.000000e+000  
1.003255e+000  2.956533e+000  4.397693e+000  5.265345e+000  6.120535e+000  -0.000000e+000  5.078927e+000  4.343510e+000  3.603753e+000  1.430454e+000  -0.000000e+000  
1.039690e+000  3.122996e+000  4.837264e+000  6.063176e+000  7.890413e+000  8.659225e+000  6.523424e+000  5.022384e+000  4.002569e+000  1.495816e+000  -0.000000e+000  
1.036256e+000  3.143155e+000  4.917227e+000  6.142967e+000  7.720083e+000  8.104449e+000  6.600606e+000  5.185840e+000  4.126491e+000  1.501511e+000  -0.000000e+000  
9.901707e-001  3.008244e+000  4.674520e+000  5.766910e+000  7.047600e+000  7.306045e+000  6.162335e+000  4.953241e+000  3.975025e+000  1.442133e+000  -0.000000e+000  
8.241579e-001  2.483409e+000  3.750407e+000  4.514866e+000  5.329061e+000  5.480991e+000  4.787513e+000  3.981765e+000  3.259080e+000  1.209336e+000  -0.000000e+000  
3.120457e-001  9.290379e-001  1.374219e+000  1.634148e+000  1.902787e+000  1.952576e+000  1.727079e+000  1.457456e+000  1.205548e+000  4.599391e-001  -0.000000e+000  
-0.000000e+000  -0.000000e+000  -0.000000e+000  -0.000000e+000  -0.000000e+000  -0.000000e+000  -0.000000e+000  -0.000000e+000  -0.000000e+000  -0.000000e+000  -0.000000e+000  

