Port monitor named: Port1_e1[25].prt

nx        = 84
ny        = 84
nz        = 34

nu        = 11
nv        = 30
iu        = 18
iv        = 28

idir      = 1
dcut      = -7.500000e-003
icut      = 7
type      = 0
frequency = 2.500000e+010

fcutoff   = 5.513330e+010
alpha     = 1.355843e+003
beta      = 0.000000e+000
accuracy  = 2.070728e-010

type          = UNDEF
wave imp.     = 6.302982e+002
wave imp.sig. = 3.645468e-009
line imp.     = 0.000000e+000

ref. port     = 0

-9.695668e+002  -1.947721e+003  -1.659909e+003  -1.321040e+003  -8.403344e+002  -1.064960e+003  -5.824862e+002  -3.317768e+001  3.853977e+002  1.204621e+003  -0.000000e+000  
-1.258981e+003  -2.670948e+003  -2.355484e+003  -1.871933e+003  -1.107816e+003  -1.129709e+003  -3.305180e+002  4.981565e+002  1.021366e+003  1.658959e+003  -0.000000e+000  
-2.098627e+003  -5.106224e+003  -5.269979e+003  -4.481082e+003  -2.529642e+003  -1.368401e+003  1.205356e+003  3.211152e+003  3.914161e+003  3.023367e+003  -0.000000e+000  
-2.488531e+003  -6.523160e+003  -7.869383e+003  -7.545595e+003  -4.928812e+003  -1.673729e+003  3.835319e+003  6.370422e+003  6.558681e+003  3.704654e+003  -0.000000e+000  
-2.884913e+003  -8.084750e+003  -1.144533e+004  -1.284397e+004  -1.120126e+004  -2.030430e+003  1.040699e+004  1.159832e+004  1.010603e+004  4.417595e+003  -0.000000e+000  
-3.233286e+003  -9.481572e+003  -1.532362e+004  -2.106116e+004  -3.430244e+004  -0.000000e+000  3.208141e+004  1.913362e+004  1.377843e+004  5.047034e+003  -0.000000e+000  
-3.486778e+003  -1.029791e+004  -1.640239e+004  -2.118627e+004  -2.792025e+004  -0.000000e+000  2.612896e+004  1.938072e+004  1.484833e+004  5.468158e+003  -0.000000e+000  
-3.622156e+003  -1.050860e+004  -1.573705e+004  -1.889735e+004  -2.170820e+004  -0.000000e+000  2.011940e+004  1.724928e+004  1.418625e+004  5.653530e+003  -0.000000e+000  
-3.655661e+003  -1.031967e+004  -1.454654e+004  -1.667519e+004  -1.813345e+004  -0.000000e+000  1.655993e+004  1.506077e+004  1.294759e+004  5.659249e+003  -0.000000e+000  
-3.617859e+003  -9.930712e+003  -1.335504e+004  -1.489669e+004  -1.581614e+004  -0.000000e+000  1.419583e+004  1.324640e+004  1.168359e+004  5.554038e+003  -0.000000e+000  
-3.574968e+003  -9.661388e+003  -1.270543e+004  -1.401153e+004  -1.474906e+004  -0.000000e+000  1.309157e+004  1.232809e+004  1.099102e+004  5.463153e+003  -0.000000e+000  
-3.523622e+003  -9.391663e+003  -1.213324e+004  -1.326966e+004  -1.388878e+004  -0.000000e+000  1.219325e+004  1.155132e+004  1.038071e+004  5.363118e+003  -0.000000e+000  
-3.434003e+003  -8.986761e+003  -1.137708e+004  -1.233495e+004  -1.284093e+004  -0.000000e+000  1.108890e+004  1.056475e+004  9.576318e+003  5.199480e+003  -0.000000e+000  
-3.355286e+003  -8.666062e+003  -1.083114e+004  -1.168195e+004  -1.212421e+004  -0.000000e+000  1.032895e+004  9.872912e+003  8.998797e+003  5.061504e+003  -0.000000e+000  
-3.299866e+003  -8.452282e+003  -1.048501e+004  -1.127511e+004  -1.168236e+004  -0.000000e+000  9.859172e+003  9.441429e+003  8.634341e+003  4.966315e+003  -0.000000e+000  
-3.299866e+003  -8.452282e+003  -1.048501e+004  -1.127511e+004  -1.168236e+004  -0.000000e+000  9.859172e+003  9.441429e+003  8.634341e+003  4.966315e+003  -0.000000e+000  
-3.355286e+003  -8.666062e+003  -1.083114e+004  -1.168195e+004  -1.212421e+004  -0.000000e+000  1.032895e+004  9.872912e+003  8.998797e+003  5.061504e+003  -0.000000e+000  
-3.434003e+003  -8.986761e+003  -1.137708e+004  -1.233495e+004  -1.284093e+004  -0.000000e+000  1.108890e+004  1.056475e+004  9.576318e+003  5.199480e+003  -0.000000e+000  
-3.523622e+003  -9.391663e+003  -1.213324e+004  -1.326966e+004  -1.388878e+004  -0.000000e+000  1.219325e+004  1.155132e+004  1.038071e+004  5.363118e+003  -0.000000e+000  
-3.574968e+003  -9.661388e+003  -1.270543e+004  -1.401153e+004  -1.474906e+004  -0.000000e+000  1.309157e+004  1.232809e+004  1.099102e+004  5.463153e+003  -0.000000e+000  
-3.617859e+003  -9.930712e+003  -1.335504e+004  -1.489669e+004  -1.581614e+004  -0.000000e+000  1.419583e+004  1.324640e+004  1.168359e+004  5.554038e+003  -0.000000e+000  
-3.655661e+003  -1.031967e+004  -1.454654e+004  -1.667519e+004  -1.813345e+004  -0.000000e+000  1.655993e+004  1.506077e+004  1.294759e+004  5.659249e+003  -0.000000e+000  
-3.622156e+003  -1.050860e+004  -1.573705e+004  -1.889735e+004  -2.170820e+004  -0.000000e+000  2.011940e+004  1.724928e+004  1.418625e+004  5.653530e+003  -0.000000e+000  
-3.486778e+003  -1.029791e+004  -1.640239e+004  -2.118627e+004  -2.792025e+004  -0.000000e+000  2.612896e+004  1.938072e+004  1.484833e+004  5.468158e+003  -0.000000e+000  
-3.233286e+003  -9.481572e+003  -1.532362e+004  -2.106116e+004  -3.430244e+004  -0.000000e+000  3.208141e+004  1.913362e+004  1.377843e+004  5.047034e+003  -0.000000e+000  
-2.884913e+003  -8.084750e+003  -1.144533e+004  -1.284397e+004  -1.120126e+004  -2.030430e+003  1.040699e+004  1.159832e+004  1.010603e+004  4.417595e+003  -0.000000e+000  
-2.488531e+003  -6.523160e+003  -7.869383e+003  -7.545595e+003  -4.928812e+003  -1.673729e+003  3.835319e+003  6.370422e+003  6.558681e+003  3.704654e+003  -0.000000e+000  
-2.098627e+003  -5.106224e+003  -5.269979e+003  -4.481082e+003  -2.529642e+003  -1.368401e+003  1.205356e+003  3.211152e+003  3.914161e+003  3.023367e+003  -0.000000e+000  
-1.258981e+003  -2.670948e+003  -2.355484e+003  -1.871933e+003  -1.107816e+003  -1.129709e+003  -3.305180e+002  4.981565e+002  1.021366e+003  1.658959e+003  -0.000000e+000  
-9.695668e+002  -1.947721e+003  -1.659909e+003  -1.321040e+003  -8.403344e+002  -1.064960e+003  -5.824862e+002  -3.317768e+001  3.853977e+002  1.204621e+003  -0.000000e+000  

-2.795972e+003  -3.095834e+003  -3.683412e+003  -3.893301e+003  -4.051042e+003  -4.110373e+003  -4.104759e+003  -3.987821e+003  -3.777146e+003  -3.533846e+003  -2.630283e+003  
-7.366373e+003  -8.295895e+003  -1.042783e+004  -1.139712e+004  -1.224686e+004  -1.266528e+004  -1.266458e+004  -1.201351e+004  -1.093703e+004  -9.805427e+003  -6.950525e+003  
-8.824579e+003  -1.003767e+004  -1.355386e+004  -1.604814e+004  -1.898475e+004  -2.124438e+004  -2.136356e+004  -1.851730e+004  -1.513847e+004  -1.231297e+004  -8.342534e+003  
-9.223657e+003  -1.045539e+004  -1.433750e+004  -1.779240e+004  -2.292918e+004  -2.900336e+004  -2.914684e+004  -2.217934e+004  -1.663763e+004  -1.286734e+004  -8.713096e+003  
-9.244733e+003  -1.032070e+004  -1.378060e+004  -1.753530e+004  -2.555577e+004  -4.594615e+004  -4.480590e+004  -2.423406e+004  -1.628674e+004  -1.238799e+004  -8.705186e+003  
-8.914184e+003  -9.669937e+003  -1.160906e+004  -1.258708e+004  -1.262653e+004  -0.000000e+000  -0.000000e+000  -1.228622e+004  -1.196148e+004  -1.080536e+004  -8.345336e+003  
-8.287826e+003  -8.671145e+003  -9.093870e+003  -8.389167e+003  -6.100587e+003  -0.000000e+000  -0.000000e+000  -6.095727e+003  -8.221674e+003  -8.849585e+003  -7.705545e+003  
-7.452214e+003  -7.516018e+003  -6.944181e+003  -5.739293e+003  -3.527548e+003  -0.000000e+000  -0.000000e+000  -3.597176e+003  -5.792469e+003  -7.019883e+003  -6.883720e+003  
-6.483876e+003  -6.326240e+003  -5.264105e+003  -4.066944e+003  -2.296023e+003  -0.000000e+000  -0.000000e+000  -2.382245e+003  -4.203337e+003  -5.464491e+003  -5.957007e+003  
-5.642459e+003  -5.388123e+003  -4.214674e+003  -3.155752e+003  -1.722173e+003  -0.000000e+000  -0.000000e+000  -1.805342e+003  -3.302747e+003  -4.427465e+003  -5.167322e+003  
-4.985941e+003  -4.691638e+003  -3.525230e+003  -2.593032e+003  -1.390589e+003  -0.000000e+000  -0.000000e+000  -1.467213e+003  -2.733417e+003  -3.725124e+003  -4.556623e+003  
-4.112868e+003  -3.804072e+003  -2.733718e+003  -1.976217e+003  -1.043504e+003  -0.000000e+000  -0.000000e+000  -1.108175e+003  -2.096804e+003  -2.900927e+003  -3.750137e+003  
-3.026314e+003  -2.758455e+003  -1.913825e+003  -1.366901e+003  -7.147245e+002  -0.000000e+000  -0.000000e+000  -7.619511e+002  -1.454911e+003  -2.032231e+003  -2.754449e+003  
-1.943840e+003  -1.756331e+003  -1.194303e+003  -8.475117e+002  -4.409599e+002  -0.000000e+000  -0.000000e+000  -4.708037e+002  -9.028494e+002  -1.267148e+003  -1.767420e+003  
2.901304e-007  2.266076e-007  -0.000000e+000  -0.000000e+000  -0.000000e+000  -0.000000e+000  -0.000000e+000  -0.000000e+000  -0.000000e+000  3.092221e-007  3.668924e-007  
1.943840e+003  1.756331e+003  1.194303e+003  8.475117e+002  4.409599e+002  -0.000000e+000  -0.000000e+000  4.708037e+002  9.028494e+002  1.267148e+003  1.767420e+003  
3.026314e+003  2.758455e+003  1.913825e+003  1.366901e+003  7.147245e+002  -0.000000e+000  -0.000000e+000  7.619511e+002  1.454911e+003  2.032231e+003  2.754449e+003  
4.112868e+003  3.804072e+003  2.733718e+003  1.976217e+003  1.043504e+003  -0.000000e+000  -0.000000e+000  1.108175e+003  2.096804e+003  2.900927e+003  3.750137e+003  
4.985941e+003  4.691638e+003  3.525230e+003  2.593032e+003  1.390589e+003  -0.000000e+000  -0.000000e+000  1.467213e+003  2.733417e+003  3.725124e+003  4.556623e+003  
5.642459e+003  5.388123e+003  4.214674e+003  3.155752e+003  1.722173e+003  -0.000000e+000  -0.000000e+000  1.805342e+003  3.302747e+003  4.427465e+003  5.167322e+003  
6.483876e+003  6.326240e+003  5.264105e+003  4.066944e+003  2.296023e+003  -0.000000e+000  -0.000000e+000  2.382245e+003  4.203337e+003  5.464491e+003  5.957007e+003  
7.452214e+003  7.516018e+003  6.944181e+003  5.739293e+003  3.527548e+003  -0.000000e+000  -0.000000e+000  3.597176e+003  5.792469e+003  7.019883e+003  6.883720e+003  
8.287826e+003  8.671145e+003  9.093870e+003  8.389167e+003  6.100587e+003  -0.000000e+000  -0.000000e+000  6.095727e+003  8.221674e+003  8.849585e+003  7.705545e+003  
8.914184e+003  9.669937e+003  1.160906e+004  1.258708e+004  1.262653e+004  -0.000000e+000  -0.000000e+000  1.228622e+004  1.196148e+004  1.080536e+004  8.345336e+003  
9.244733e+003  1.032070e+004  1.378060e+004  1.753530e+004  2.555577e+004  4.594615e+004  4.480590e+004  2.423406e+004  1.628674e+004  1.238799e+004  8.705186e+003  
9.223657e+003  1.045539e+004  1.433750e+004  1.779240e+004  2.292918e+004  2.900336e+004  2.914684e+004  2.217934e+004  1.663763e+004  1.286734e+004  8.713096e+003  
8.824579e+003  1.003767e+004  1.355386e+004  1.604814e+004  1.898475e+004  2.124438e+004  2.136356e+004  1.851730e+004  1.513847e+004  1.231297e+004  8.342534e+003  
7.366373e+003  8.295895e+003  1.042783e+004  1.139712e+004  1.224686e+004  1.266528e+004  1.266458e+004  1.201351e+004  1.093703e+004  9.805427e+003  6.950525e+003  
2.795972e+003  3.095834e+003  3.683412e+003  3.893301e+003  4.051042e+003  4.110373e+003  4.104759e+003  3.987821e+003  3.777146e+003  3.533846e+003  2.630283e+003  
-0.000000e+000  -0.000000e+000  -0.000000e+000  -0.000000e+000  -0.000000e+000  -0.000000e+000  -0.000000e+000  -0.000000e+000  -0.000000e+000  -0.000000e+000  -0.000000e+000  

-2.292819e+004  -2.237738e+004  -2.142476e+004  -2.105610e+004  -2.071038e+004  -2.040688e+004  -2.020398e+004  -1.995166e+004  -1.979823e+004  -1.972491e+004  -2.031555e+004  
-2.181776e+004  -2.114752e+004  -1.996048e+004  -1.950773e+004  -1.909847e+004  -1.877050e+004  -1.857094e+004  -1.836688e+004  -1.829861e+004  -1.832305e+004  -1.927341e+004  
-1.905956e+004  -1.804070e+004  -1.605306e+004  -1.523508e+004  -1.450427e+004  -1.401517e+004  -1.382096e+004  -1.386749e+004  -1.420664e+004  -1.465747e+004  -1.667750e+004  
-1.788007e+004  -1.669904e+004  -1.424130e+004  -1.308935e+004  -1.196419e+004  -1.116786e+004  -1.096463e+004  -1.139588e+004  -1.218745e+004  -1.301578e+004  -1.556550e+004  
-1.664736e+004  -1.530180e+004  -1.232572e+004  -1.071256e+004  -8.900837e+003  -7.286335e+003  -7.077532e+003  -8.440139e+003  -9.970496e+003  -1.130114e+004  -1.440435e+004  
-1.541192e+004  -1.392273e+004  -1.048530e+004  -8.372753e+003  -5.496811e+003  -0.000000e+000  -0.000000e+000  -5.216823e+003  -7.802696e+003  -9.651263e+003  -1.324448e+004  
-1.419922e+004  -1.260735e+004  -8.906647e+003  -6.661031e+003  -3.777446e+003  -0.000000e+000  -0.000000e+000  -3.556789e+003  -6.183162e+003  -8.186769e+003  -1.211266e+004  
-1.307177e+004  -1.142786e+004  -7.669861e+003  -5.519934e+003  -2.947147e+003  -0.000000e+000  -0.000000e+000  -2.732368e+003  -5.069903e+003  -6.987575e+003  -1.106775e+004  
-1.205802e+004  -1.040550e+004  -6.725368e+003  -4.739249e+003  -2.467192e+003  -0.000000e+000  -0.000000e+000  -2.245492e+003  -4.285400e+003  -6.036387e+003  -1.013437e+004  
-1.117601e+004  -9.544976e+003  -6.009358e+003  -4.186048e+003  -2.154847e+003  -0.000000e+000  -0.000000e+000  -1.922895e+003  -3.716012e+003  -5.295961e+003  -9.326698e+003  
-1.070367e+004  -9.093949e+003  -5.656571e+003  -3.921891e+003  -2.010683e+003  -0.000000e+000  -0.000000e+000  -1.772414e+003  -3.440665e+003  -4.926781e+003  -8.895575e+003  
-1.028629e+004  -8.701223e+003  -5.361491e+003  -3.704838e+003  -1.894278e+003  -0.000000e+000  -0.000000e+000  -1.650102e+003  -3.212768e+003  -4.616161e+003  -8.515413e+003  
-9.726502e+003  -8.183475e+003  -4.989430e+003  -3.435872e+003  -1.752254e+003  -0.000000e+000  -0.000000e+000  -1.499878e+003  -2.928503e+003  -4.222848e+003  -8.006709e+003  
-9.314600e+003  -7.808038e+003  -4.728955e+003  -3.249834e+003  -1.654979e+003  -0.000000e+000  -0.000000e+000  -1.396580e+003  -2.731251e+003  -3.947308e+003  -7.633078e+003  
-9.050031e+003  -7.568995e+003  -4.566408e+003  -3.134486e+003  -1.594963e+003  -0.000000e+000  -0.000000e+000  -1.332750e+003  -2.608842e+003  -3.775499e+003  -7.393337e+003  
-9.050031e+003  -7.568995e+003  -4.566408e+003  -3.134486e+003  -1.594963e+003  -0.000000e+000  -0.000000e+000  -1.332750e+003  -2.608842e+003  -3.775499e+003  -7.393337e+003  
-9.314600e+003  -7.808038e+003  -4.728955e+003  -3.249834e+003  -1.654979e+003  -0.000000e+000  -0.000000e+000  -1.396580e+003  -2.731251e+003  -3.947308e+003  -7.633078e+003  
-9.726502e+003  -8.183475e+003  -4.989430e+003  -3.435872e+003  -1.752254e+003  -0.000000e+000  -0.000000e+000  -1.499878e+003  -2.928503e+003  -4.222848e+003  -8.006709e+003  
-1.028629e+004  -8.701223e+003  -5.361491e+003  -3.704838e+003  -1.894278e+003  -0.000000e+000  -0.000000e+000  -1.650102e+003  -3.212768e+003  -4.616161e+003  -8.515413e+003  
-1.070367e+004  -9.093949e+003  -5.656571e+003  -3.921891e+003  -2.010683e+003  -0.000000e+000  -0.000000e+000  -1.772414e+003  -3.440665e+003  -4.926781e+003  -8.895575e+003  
-1.117601e+004  -9.544976e+003  -6.009358e+003  -4.186048e+003  -2.154847e+003  -0.000000e+000  -0.000000e+000  -1.922895e+003  -3.716012e+003  -5.295961e+003  -9.326698e+003  
-1.205802e+004  -1.040550e+004  -6.725368e+003  -4.739249e+003  -2.467192e+003  -0.000000e+000  -0.000000e+000  -2.245492e+003  -4.285400e+003  -6.036387e+003  -1.013437e+004  
-1.307177e+004  -1.142786e+004  -7.669861e+003  -5.519934e+003  -2.947147e+003  -0.000000e+000  -0.000000e+000  -2.732368e+003  -5.069903e+003  -6.987575e+003  -1.106775e+004  
-1.419922e+004  -1.260736e+004  -8.906647e+003  -6.661031e+003  -3.777446e+003  -0.000000e+000  -0.000000e+000  -3.556789e+003  -6.183162e+003  -8.186769e+003  -1.211266e+004  
-1.541192e+004  -1.392273e+004  -1.048530e+004  -8.372753e+003  -5.496811e+003  -0.000000e+000  -0.000000e+000  -5.216823e+003  -7.802696e+003  -9.651263e+003  -1.324448e+004  
-1.664736e+004  -1.530180e+004  -1.232572e+004  -1.071256e+004  -8.900837e+003  -7.286335e+003  -7.077532e+003  -8.440139e+003  -9.970496e+003  -1.130114e+004  -1.440435e+004  
-1.788007e+004  -1.669904e+004  -1.424130e+004  -1.308935e+004  -1.196419e+004  -1.116786e+004  -1.096463e+004  -1.139588e+004  -1.218745e+004  -1.301578e+004  -1.556550e+004  
-1.905956e+004  -1.804070e+004  -1.605306e+004  -1.523508e+004  -1.450427e+004  -1.401517e+004  -1.382096e+004  -1.386749e+004  -1.420664e+004  -1.465747e+004  -1.667750e+004  
-2.181776e+004  -2.114752e+004  -1.996048e+004  -1.950773e+004  -1.909847e+004  -1.877050e+004  -1.857094e+004  -1.836688e+004  -1.829861e+004  -1.832305e+004  -1.927341e+004  
-2.292819e+004  -2.237738e+004  -2.142476e+004  -2.105610e+004  -2.071038e+004  -2.040688e+004  -2.020398e+004  -1.995166e+004  -1.979823e+004  -1.972491e+004  -2.031555e+004  

0.000000e+000  0.000000e+000  0.000000e+000  0.000000e+000  0.000000e+000  0.000000e+000  0.000000e+000  0.000000e+000  0.000000e+000  0.000000e+000  0.000000e+000  
0.000000e+000  0.000000e+000  0.000000e+000  0.000000e+000  0.000000e+000  0.000000e+000  0.000000e+000  0.000000e+000  0.000000e+000  0.000000e+000  0.000000e+000  
0.000000e+000  0.000000e+000  0.000000e+000  0.000000e+000  0.000000e+000  0.000000e+000  0.000000e+000  0.000000e+000  0.000000e+000  0.000000e+000  0.000000e+000  
0.000000e+000  0.000000e+000  0.000000e+000  0.000000e+000  0.000000e+000  0.000000e+000  0.000000e+000  0.000000e+000  0.000000e+000  0.000000e+000  0.000000e+000  
0.000000e+000  0.000000e+000  0.000000e+000  0.000000e+000  0.000000e+000  0.000000e+000  0.000000e+000  0.000000e+000  0.000000e+000  0.000000e+000  0.000000e+000  
0.000000e+000  0.000000e+000  0.000000e+000  0.000000e+000  0.000000e+000  0.000000e+000  0.000000e+000  0.000000e+000  0.000000e+000  0.000000e+000  0.000000e+000  
0.000000e+000  0.000000e+000  0.000000e+000  0.000000e+000  0.000000e+000  0.000000e+000  0.000000e+000  0.000000e+000  0.000000e+000  0.000000e+000  0.000000e+000  
0.000000e+000  0.000000e+000  0.000000e+000  0.000000e+000  0.000000e+000  0.000000e+000  0.000000e+000  0.000000e+000  0.000000e+000  0.000000e+000  0.000000e+000  
0.000000e+000  0.000000e+000  0.000000e+000  0.000000e+000  0.000000e+000  0.000000e+000  0.000000e+000  0.000000e+000  0.000000e+000  0.000000e+000  0.000000e+000  
0.000000e+000  0.000000e+000  0.000000e+000  0.000000e+000  0.000000e+000  0.000000e+000  0.000000e+000  0.000000e+000  0.000000e+000  0.000000e+000  0.000000e+000  
0.000000e+000  0.000000e+000  0.000000e+000  0.000000e+000  0.000000e+000  0.000000e+000  0.000000e+000  0.000000e+000  0.000000e+000  0.000000e+000  0.000000e+000  
0.000000e+000  0.000000e+000  0.000000e+000  0.000000e+000  0.000000e+000  0.000000e+000  0.000000e+000  0.000000e+000  0.000000e+000  0.000000e+000  0.000000e+000  
0.000000e+000  0.000000e+000  0.000000e+000  0.000000e+000  0.000000e+000  0.000000e+000  0.000000e+000  0.000000e+000  0.000000e+000  0.000000e+000  0.000000e+000  
0.000000e+000  0.000000e+000  0.000000e+000  0.000000e+000  0.000000e+000  0.000000e+000  0.000000e+000  0.000000e+000  0.000000e+000  0.000000e+000  0.000000e+000  
0.000000e+000  0.000000e+000  0.000000e+000  0.000000e+000  0.000000e+000  0.000000e+000  0.000000e+000  0.000000e+000  0.000000e+000  0.000000e+000  0.000000e+000  
0.000000e+000  0.000000e+000  0.000000e+000  0.000000e+000  0.000000e+000  0.000000e+000  0.000000e+000  0.000000e+000  0.000000e+000  0.000000e+000  0.000000e+000  
0.000000e+000  0.000000e+000  0.000000e+000  0.000000e+000  0.000000e+000  0.000000e+000  0.000000e+000  0.000000e+000  0.000000e+000  0.000000e+000  0.000000e+000  
0.000000e+000  0.000000e+000  0.000000e+000  0.000000e+000  0.000000e+000  0.000000e+000  0.000000e+000  0.000000e+000  0.000000e+000  0.000000e+000  0.000000e+000  
0.000000e+000  0.000000e+000  0.000000e+000  0.000000e+000  0.000000e+000  0.000000e+000  0.000000e+000  0.000000e+000  0.000000e+000  0.000000e+000  0.000000e+000  
0.000000e+000  0.000000e+000  0.000000e+000  0.000000e+000  0.000000e+000  0.000000e+000  0.000000e+000  0.000000e+000  0.000000e+000  0.000000e+000  0.000000e+000  
0.000000e+000  0.000000e+000  0.000000e+000  0.000000e+000  0.000000e+000  0.000000e+000  0.000000e+000  0.000000e+000  0.000000e+000  0.000000e+000  0.000000e+000  
0.000000e+000  0.000000e+000  0.000000e+000  0.000000e+000  0.000000e+000  0.000000e+000  0.000000e+000  0.000000e+000  0.000000e+000  0.000000e+000  0.000000e+000  
0.000000e+000  0.000000e+000  0.000000e+000  0.000000e+000  0.000000e+000  0.000000e+000  0.000000e+000  0.000000e+000  0.000000e+000  0.000000e+000  0.000000e+000  
0.000000e+000  0.000000e+000  0.000000e+000  0.000000e+000  0.000000e+000  0.000000e+000  0.000000e+000  0.000000e+000  0.000000e+000  0.000000e+000  0.000000e+000  
0.000000e+000  0.000000e+000  0.000000e+000  0.000000e+000  0.000000e+000  0.000000e+000  0.000000e+000  0.000000e+000  0.000000e+000  0.000000e+000  0.000000e+000  
0.000000e+000  0.000000e+000  0.000000e+000  0.000000e+000  0.000000e+000  0.000000e+000  0.000000e+000  0.000000e+000  0.000000e+000  0.000000e+000  0.000000e+000  
0.000000e+000  0.000000e+000  0.000000e+000  0.000000e+000  0.000000e+000  0.000000e+000  0.000000e+000  0.000000e+000  0.000000e+000  0.000000e+000  0.000000e+000  
0.000000e+000  0.000000e+000  0.000000e+000  0.000000e+000  0.000000e+000  0.000000e+000  0.000000e+000  0.000000e+000  0.000000e+000  0.000000e+000  0.000000e+000  
0.000000e+000  0.000000e+000  0.000000e+000  0.000000e+000  0.000000e+000  0.000000e+000  0.000000e+000  0.000000e+000  0.000000e+000  0.000000e+000  0.000000e+000  
0.000000e+000  0.000000e+000  0.000000e+000  0.000000e+000  0.000000e+000  0.000000e+000  0.000000e+000  0.000000e+000  0.000000e+000  0.000000e+000  0.000000e+000  

0.000000e+000  0.000000e+000  0.000000e+000  0.000000e+000  0.000000e+000  0.000000e+000  0.000000e+000  0.000000e+000  0.000000e+000  0.000000e+000  0.000000e+000  
0.000000e+000  0.000000e+000  0.000000e+000  0.000000e+000  0.000000e+000  0.000000e+000  0.000000e+000  0.000000e+000  0.000000e+000  0.000000e+000  0.000000e+000  
0.000000e+000  0.000000e+000  0.000000e+000  0.000000e+000  0.000000e+000  0.000000e+000  0.000000e+000  0.000000e+000  0.000000e+000  0.000000e+000  0.000000e+000  
0.000000e+000  0.000000e+000  0.000000e+000  0.000000e+000  0.000000e+000  0.000000e+000  0.000000e+000  0.000000e+000  0.000000e+000  0.000000e+000  0.000000e+000  
0.000000e+000  0.000000e+000  0.000000e+000  0.000000e+000  0.000000e+000  0.000000e+000  0.000000e+000  0.000000e+000  0.000000e+000  0.000000e+000  0.000000e+000  
0.000000e+000  0.000000e+000  0.000000e+000  0.000000e+000  0.000000e+000  0.000000e+000  0.000000e+000  0.000000e+000  0.000000e+000  0.000000e+000  0.000000e+000  
0.000000e+000  0.000000e+000  0.000000e+000  0.000000e+000  0.000000e+000  0.000000e+000  0.000000e+000  0.000000e+000  0.000000e+000  0.000000e+000  0.000000e+000  
0.000000e+000  0.000000e+000  0.000000e+000  0.000000e+000  0.000000e+000  0.000000e+000  0.000000e+000  0.000000e+000  0.000000e+000  0.000000e+000  0.000000e+000  
0.000000e+000  0.000000e+000  0.000000e+000  0.000000e+000  0.000000e+000  0.000000e+000  0.000000e+000  0.000000e+000  0.000000e+000  0.000000e+000  0.000000e+000  
0.000000e+000  0.000000e+000  0.000000e+000  0.000000e+000  0.000000e+000  0.000000e+000  0.000000e+000  0.000000e+000  0.000000e+000  0.000000e+000  0.000000e+000  
0.000000e+000  0.000000e+000  0.000000e+000  0.000000e+000  0.000000e+000  0.000000e+000  0.000000e+000  0.000000e+000  0.000000e+000  0.000000e+000  0.000000e+000  
0.000000e+000  0.000000e+000  0.000000e+000  0.000000e+000  0.000000e+000  0.000000e+000  0.000000e+000  0.000000e+000  0.000000e+000  0.000000e+000  0.000000e+000  
0.000000e+000  0.000000e+000  0.000000e+000  0.000000e+000  0.000000e+000  0.000000e+000  0.000000e+000  0.000000e+000  0.000000e+000  0.000000e+000  0.000000e+000  
0.000000e+000  0.000000e+000  0.000000e+000  0.000000e+000  0.000000e+000  0.000000e+000  0.000000e+000  0.000000e+000  0.000000e+000  0.000000e+000  0.000000e+000  
0.000000e+000  0.000000e+000  0.000000e+000  0.000000e+000  0.000000e+000  0.000000e+000  0.000000e+000  0.000000e+000  0.000000e+000  0.000000e+000  0.000000e+000  
0.000000e+000  0.000000e+000  0.000000e+000  0.000000e+000  0.000000e+000  0.000000e+000  0.000000e+000  0.000000e+000  0.000000e+000  0.000000e+000  0.000000e+000  
0.000000e+000  0.000000e+000  0.000000e+000  0.000000e+000  0.000000e+000  0.000000e+000  0.000000e+000  0.000000e+000  0.000000e+000  0.000000e+000  0.000000e+000  
0.000000e+000  0.000000e+000  0.000000e+000  0.000000e+000  0.000000e+000  0.000000e+000  0.000000e+000  0.000000e+000  0.000000e+000  0.000000e+000  0.000000e+000  
0.000000e+000  0.000000e+000  0.000000e+000  0.000000e+000  0.000000e+000  0.000000e+000  0.000000e+000  0.000000e+000  0.000000e+000  0.000000e+000  0.000000e+000  
0.000000e+000  0.000000e+000  0.000000e+000  0.000000e+000  0.000000e+000  0.000000e+000  0.000000e+000  0.000000e+000  0.000000e+000  0.000000e+000  0.000000e+000  
0.000000e+000  0.000000e+000  0.000000e+000  0.000000e+000  0.000000e+000  0.000000e+000  0.000000e+000  0.000000e+000  0.000000e+000  0.000000e+000  0.000000e+000  
0.000000e+000  0.000000e+000  0.000000e+000  0.000000e+000  0.000000e+000  0.000000e+000  0.000000e+000  0.000000e+000  0.000000e+000  0.000000e+000  0.000000e+000  
0.000000e+000  0.000000e+000  0.000000e+000  0.000000e+000  0.000000e+000  0.000000e+000  0.000000e+000  0.000000e+000  0.000000e+000  0.000000e+000  0.000000e+000  
0.000000e+000  0.000000e+000  0.000000e+000  0.000000e+000  0.000000e+000  0.000000e+000  0.000000e+000  0.000000e+000  0.000000e+000  0.000000e+000  0.000000e+000  
0.000000e+000  0.000000e+000  0.000000e+000  0.000000e+000  0.000000e+000  0.000000e+000  0.000000e+000  0.000000e+000  0.000000e+000  0.000000e+000  0.000000e+000  
0.000000e+000  0.000000e+000  0.000000e+000  0.000000e+000  0.000000e+000  0.000000e+000  0.000000e+000  0.000000e+000  0.000000e+000  0.000000e+000  0.000000e+000  
0.000000e+000  0.000000e+000  0.000000e+000  0.000000e+000  0.000000e+000  0.000000e+000  0.000000e+000  0.000000e+000  0.000000e+000  0.000000e+000  0.000000e+000  
0.000000e+000  0.000000e+000  0.000000e+000  0.000000e+000  0.000000e+000  0.000000e+000  0.000000e+000  0.000000e+000  0.000000e+000  0.000000e+000  0.000000e+000  
0.000000e+000  0.000000e+000  0.000000e+000  0.000000e+000  0.000000e+000  0.000000e+000  0.000000e+000  0.000000e+000  0.000000e+000  0.000000e+000  0.000000e+000  
0.000000e+000  0.000000e+000  0.000000e+000  0.000000e+000  0.000000e+000  0.000000e+000  0.000000e+000  0.000000e+000  0.000000e+000  0.000000e+000  0.000000e+000  

0.000000e+000  0.000000e+000  0.000000e+000  0.000000e+000  0.000000e+000  0.000000e+000  0.000000e+000  0.000000e+000  0.000000e+000  0.000000e+000  0.000000e+000  
0.000000e+000  0.000000e+000  0.000000e+000  0.000000e+000  0.000000e+000  0.000000e+000  0.000000e+000  0.000000e+000  0.000000e+000  0.000000e+000  0.000000e+000  
0.000000e+000  0.000000e+000  0.000000e+000  0.000000e+000  0.000000e+000  0.000000e+000  0.000000e+000  0.000000e+000  0.000000e+000  0.000000e+000  0.000000e+000  
0.000000e+000  0.000000e+000  0.000000e+000  0.000000e+000  0.000000e+000  0.000000e+000  0.000000e+000  0.000000e+000  0.000000e+000  0.000000e+000  0.000000e+000  
0.000000e+000  0.000000e+000  0.000000e+000  0.000000e+000  0.000000e+000  0.000000e+000  0.000000e+000  0.000000e+000  0.000000e+000  0.000000e+000  0.000000e+000  
0.000000e+000  0.000000e+000  0.000000e+000  0.000000e+000  0.000000e+000  0.000000e+000  0.000000e+000  0.000000e+000  0.000000e+000  0.000000e+000  0.000000e+000  
0.000000e+000  0.000000e+000  0.000000e+000  0.000000e+000  0.000000e+000  0.000000e+000  0.000000e+000  0.000000e+000  0.000000e+000  0.000000e+000  0.000000e+000  
0.000000e+000  0.000000e+000  0.000000e+000  0.000000e+000  0.000000e+000  0.000000e+000  0.000000e+000  0.000000e+000  0.000000e+000  0.000000e+000  0.000000e+000  
0.000000e+000  0.000000e+000  0.000000e+000  0.000000e+000  0.000000e+000  0.000000e+000  0.000000e+000  0.000000e+000  0.000000e+000  0.000000e+000  0.000000e+000  
0.000000e+000  0.000000e+000  0.000000e+000  0.000000e+000  0.000000e+000  0.000000e+000  0.000000e+000  0.000000e+000  0.000000e+000  0.000000e+000  0.000000e+000  
0.000000e+000  0.000000e+000  0.000000e+000  0.000000e+000  0.000000e+000  0.000000e+000  0.000000e+000  0.000000e+000  0.000000e+000  0.000000e+000  0.000000e+000  
0.000000e+000  0.000000e+000  0.000000e+000  0.000000e+000  0.000000e+000  0.000000e+000  0.000000e+000  0.000000e+000  0.000000e+000  0.000000e+000  0.000000e+000  
0.000000e+000  0.000000e+000  0.000000e+000  0.000000e+000  0.000000e+000  0.000000e+000  0.000000e+000  0.000000e+000  0.000000e+000  0.000000e+000  0.000000e+000  
0.000000e+000  0.000000e+000  0.000000e+000  0.000000e+000  0.000000e+000  0.000000e+000  0.000000e+000  0.000000e+000  0.000000e+000  0.000000e+000  0.000000e+000  
0.000000e+000  0.000000e+000  0.000000e+000  0.000000e+000  0.000000e+000  0.000000e+000  0.000000e+000  0.000000e+000  0.000000e+000  0.000000e+000  0.000000e+000  
0.000000e+000  0.000000e+000  0.000000e+000  0.000000e+000  0.000000e+000  0.000000e+000  0.000000e+000  0.000000e+000  0.000000e+000  0.000000e+000  0.000000e+000  
0.000000e+000  0.000000e+000  0.000000e+000  0.000000e+000  0.000000e+000  0.000000e+000  0.000000e+000  0.000000e+000  0.000000e+000  0.000000e+000  0.000000e+000  
0.000000e+000  0.000000e+000  0.000000e+000  0.000000e+000  0.000000e+000  0.000000e+000  0.000000e+000  0.000000e+000  0.000000e+000  0.000000e+000  0.000000e+000  
0.000000e+000  0.000000e+000  0.000000e+000  0.000000e+000  0.000000e+000  0.000000e+000  0.000000e+000  0.000000e+000  0.000000e+000  0.000000e+000  0.000000e+000  
0.000000e+000  0.000000e+000  0.000000e+000  0.000000e+000  0.000000e+000  0.000000e+000  0.000000e+000  0.000000e+000  0.000000e+000  0.000000e+000  0.000000e+000  
0.000000e+000  0.000000e+000  0.000000e+000  0.000000e+000  0.000000e+000  0.000000e+000  0.000000e+000  0.000000e+000  0.000000e+000  0.000000e+000  0.000000e+000  
0.000000e+000  0.000000e+000  0.000000e+000  0.000000e+000  0.000000e+000  0.000000e+000  0.000000e+000  0.000000e+000  0.000000e+000  0.000000e+000  0.000000e+000  
0.000000e+000  0.000000e+000  0.000000e+000  0.000000e+000  0.000000e+000  0.000000e+000  0.000000e+000  0.000000e+000  0.000000e+000  0.000000e+000  0.000000e+000  
0.000000e+000  0.000000e+000  0.000000e+000  0.000000e+000  0.000000e+000  0.000000e+000  0.000000e+000  0.000000e+000  0.000000e+000  0.000000e+000  0.000000e+000  
0.000000e+000  0.000000e+000  0.000000e+000  0.000000e+000  0.000000e+000  0.000000e+000  0.000000e+000  0.000000e+000  0.000000e+000  0.000000e+000  0.000000e+000  
0.000000e+000  0.000000e+000  0.000000e+000  0.000000e+000  0.000000e+000  0.000000e+000  0.000000e+000  0.000000e+000  0.000000e+000  0.000000e+000  0.000000e+000  
0.000000e+000  0.000000e+000  0.000000e+000  0.000000e+000  0.000000e+000  0.000000e+000  0.000000e+000  0.000000e+000  0.000000e+000  0.000000e+000  0.000000e+000  
0.000000e+000  0.000000e+000  0.000000e+000  0.000000e+000  0.000000e+000  0.000000e+000  0.000000e+000  0.000000e+000  0.000000e+000  0.000000e+000  0.000000e+000  
0.000000e+000  0.000000e+000  0.000000e+000  0.000000e+000  0.000000e+000  0.000000e+000  0.000000e+000  0.000000e+000  0.000000e+000  0.000000e+000  0.000000e+000  
0.000000e+000  0.000000e+000  0.000000e+000  0.000000e+000  0.000000e+000  0.000000e+000  0.000000e+000  0.000000e+000  0.000000e+000  0.000000e+000  0.000000e+000  

